<?xml version="1.0" encoding="utf-8"?><testsuites name="pytest tests"><testsuite name="pytest" errors="0" failures="0" skipped="0" tests="6" time="1.752" timestamp="2026-03-22T07:34:27.699814+02:00" hostname="Anttis-MacBook-Pro-2.local"><testcase classname="src.tests.integration.api.routers.test_health" name="test_health_check_returns_ok" time="0.225" /><testcase classname="src.tests.integration.db.test_setup_db" name="test_create_schema_creates_tables" time="0.198" /><testcase classname="src.tests.integration.db.test_setup_db" name="test_create_schema_seeds_admin_user" time="0.165" /><testcase classname="src.tests.integration.db.test_setup_db" name="test_create_schema_is_idempotent" time="0.292" /><testcase classname="src.tests.integration.db.test_setup_db" name="test_drop_schema_removes_schema" time="0.324" /><testcase classname="src.tests.integration.db.test_setup_db" name="test_update_on_current_schema_applies_no_changes" time="0.354" /></testsuite></testsuites>