<?xml version="1.0" encoding="utf-8"?><testsuites name="pytest tests"><testsuite name="pytest" errors="0" failures="0" skipped="0" tests="6" time="1.529" timestamp="2026-03-22T12:53:06.863210+02:00" hostname="Anttis-MacBook-Pro-2.local"><testcase classname="src.tests.integration.api.routers.test_health" name="test_health_check_returns_ok" time="0.186" /><testcase classname="src.tests.integration.db.test_setup_db" name="test_create_schema_creates_tables" time="0.179" /><testcase classname="src.tests.integration.db.test_setup_db" name="test_create_schema_seeds_admin_user" time="0.157" /><testcase classname="src.tests.integration.db.test_setup_db" name="test_create_schema_is_idempotent" time="0.298" /><testcase classname="src.tests.integration.db.test_setup_db" name="test_drop_schema_removes_schema" time="0.277" /><testcase classname="src.tests.integration.db.test_setup_db" name="test_update_on_current_schema_applies_no_changes" time="0.261" /></testsuite></testsuites>